Determining if the pthread_create exist failed with the following output:
Change Dir: /home/boaz/workspace/src/predictive_control/cmake-build-debug/CMakeFiles/CMakeTmp

Run Build Command:"/usr/bin/make" "cmTC_2de57/fast"
/usr/bin/make -f CMakeFiles/cmTC_2de57.dir/build.make CMakeFiles/cmTC_2de57.dir/build
make[1]: Entering directory `/home/boaz/workspace/src/predictive_control/cmake-build-debug/CMakeFiles/CMakeTmp'
Building C object CMakeFiles/cmTC_2de57.dir/CheckSymbolExists.c.o
/usr/bin/cc    -o CMakeFiles/cmTC_2de57.dir/CheckSymbolExists.c.o   -c /home/boaz/workspace/src/predictive_control/cmake-build-debug/CMakeFiles/CMakeTmp/CheckSymbolExists.c
Linking C executable cmTC_2de57
/home/boaz/Tools/CLion/clion-2018.1.3/bin/cmake/bin/cmake -E cmake_link_script CMakeFiles/cmTC_2de57.dir/link.txt --verbose=1
/usr/bin/cc      -rdynamic CMakeFiles/cmTC_2de57.dir/CheckSymbolExists.c.o  -o cmTC_2de57 
CMakeFiles/cmTC_2de57.dir/CheckSymbolExists.c.o: In function `main':
CheckSymbolExists.c:(.text+0x16): undefined reference to `pthread_create'
collect2: error: ld returned 1 exit status
make[1]: *** [cmTC_2de57] Error 1
make[1]: Leaving directory `/home/boaz/workspace/src/predictive_control/cmake-build-debug/CMakeFiles/CMakeTmp'
make: *** [cmTC_2de57/fast] Error 2

File /home/boaz/workspace/src/predictive_control/cmake-build-debug/CMakeFiles/CMakeTmp/CheckSymbolExists.c:
/* */
#include <pthread.h>

int main(int argc, char** argv)
{
  (void)argv;
#ifndef pthread_create
  return ((int*)(&pthread_create))[argc];
#else
  (void)argc;
  return 0;
#endif
}

Determining if the function pthread_create exists in the pthreads failed with the following output:
Change Dir: /home/boaz/workspace/src/predictive_control/cmake-build-debug/CMakeFiles/CMakeTmp

Run Build Command:"/usr/bin/make" "cmTC_ee6ba/fast"
/usr/bin/make -f CMakeFiles/cmTC_ee6ba.dir/build.make CMakeFiles/cmTC_ee6ba.dir/build
make[1]: Entering directory `/home/boaz/workspace/src/predictive_control/cmake-build-debug/CMakeFiles/CMakeTmp'
Building C object CMakeFiles/cmTC_ee6ba.dir/CheckFunctionExists.c.o
/usr/bin/cc   -DCHECK_FUNCTION_EXISTS=pthread_create   -o CMakeFiles/cmTC_ee6ba.dir/CheckFunctionExists.c.o   -c /home/boaz/Tools/CLion/clion-2018.1.3/bin/cmake/share/cmake-3.10/Modules/CheckFunctionExists.c
Linking C executable cmTC_ee6ba
/home/boaz/Tools/CLion/clion-2018.1.3/bin/cmake/bin/cmake -E cmake_link_script CMakeFiles/cmTC_ee6ba.dir/link.txt --verbose=1
/usr/bin/cc  -DCHECK_FUNCTION_EXISTS=pthread_create    -rdynamic CMakeFiles/cmTC_ee6ba.dir/CheckFunctionExists.c.o  -o cmTC_ee6ba -lpthreads 
/usr/bin/ld: cannot find -lpthreads
collect2: error: ld returned 1 exit status
make[1]: *** [cmTC_ee6ba] Error 1
make[1]: Leaving directory `/home/boaz/workspace/src/predictive_control/cmake-build-debug/CMakeFiles/CMakeTmp'
make: *** [cmTC_ee6ba/fast] Error 2


